<?xml version="1.0" encoding="UTF-8"?>
<!-- Generated by org.testng.reporters.JUnitReportReporter -->
<testsuite hostname="CharlesPC" failures="0" tests="4" name="assurityApi.AssurityApiTest" time="17.312" errors="0" timestamp="8 May 2019 09:42:58 GMT">
  <testcase classname="assurityApi.AssurityApiTest" name="statusCodeVerification" time="2.869"/>
  <testcase classname="assurityApi.AssurityApiTest" name="nameEqualsVerification" time="2.933"/>
  <testcase classname="assurityApi.AssurityApiTest" name="galleryContainsText" time="6.158"/>
  <testcase classname="assurityApi.AssurityApiTest" name="canRelistIsTrue" time="5.352"/>
</testsuite> <!-- assurityApi.AssurityApiTest -->
