<?xml version="1.0" encoding="UTF-8"?>
<!-- Generated by org.testng.reporters.JUnitReportReporter -->
<testsuite hostname="CharlesPC" failures="0" tests="2" name="testNG.GetRequestDemo" time="8.147" errors="0" timestamp="07 May 2019 15:06:19 GMT" skipped="0">
  <testcase classname="testNG.GetRequestDemo" name="getResponseBody" time="4.587"/>
  <testcase classname="testNG.GetRequestDemo" name="statusCodeVerification" time="3.560"/>
</testsuite> <!-- testNG.GetRequestDemo -->
