<?xml version="1.0" encoding="UTF-8"?>
<!-- Generated by org.testng.reporters.JUnitReportReporter -->
<testsuite hostname="CharlesPC" failures="0" tests="4" name="testNG.GetRequest" time="12.143" errors="0" timestamp="07 May 2019 16:03:30 GMT" skipped="0">
  <testcase classname="testNG.GetRequest" name="canRelistVerification" time="3.424"/>
  <testcase classname="testNG.GetRequest" name="galleryContainsTextVerification" time="2.921"/>
  <testcase classname="testNG.GetRequest" name="statusCodeVerification" time="2.850"/>
  <testcase classname="testNG.GetRequest" name="nameEqualsVerification" time="2.948"/>
</testsuite> <!-- testNG.GetRequest -->
