<?xml version="1.0" encoding="UTF-8"?>
<!-- Generated by org.testng.reporters.JUnitReportReporter -->
<testsuite hostname="CharlesPC" failures="0" tests="4" name="assurityApi.AssurityApiTest" time="17.787" errors="0" timestamp="08 May 2019 07:37:49 GMT" skipped="0">
  <testcase classname="assurityApi.AssurityApiTest" name="statusCodeVerification" time="2.813"/>
  <testcase classname="assurityApi.AssurityApiTest" name="galleryContainsText" time="6.019"/>
  <testcase classname="assurityApi.AssurityApiTest" name="canRelistIsTrue" time="6.059"/>
  <testcase classname="assurityApi.AssurityApiTest" name="nameEqualsVerification" time="2.896"/>
</testsuite> <!-- assurityApi.AssurityApiTest -->
