<?xml version="1.0" encoding="UTF-8"?>
<!-- Generated by org.testng.reporters.JUnitReportReporter -->
<testsuite hostname="CharlesPC" failures="0" tests="4" name="assurityApi.AssurityApiTest" time="20.220" errors="0" timestamp="08 May 2019 16:29:46 GMT" skipped="0">
  <testcase classname="assurityApi.AssurityApiTest" name="canRelistIsTrue" time="8.508"/>
  <testcase classname="assurityApi.AssurityApiTest" name="galleryContainsText" time="5.998"/>
  <testcase classname="assurityApi.AssurityApiTest" name="nameEqualsVerification" time="2.854"/>
  <testcase classname="assurityApi.AssurityApiTest" name="statusCodeVerification" time="2.860"/>
</testsuite> <!-- assurityApi.AssurityApiTest -->
