<?xml version="1.0" encoding="UTF-8"?>
<!-- Generated by org.testng.reporters.JUnitReportReporter -->
<testsuite hostname="CharlesPC" failures="0" tests="4" name="assurityApi.AssurityApiTest" time="18.094" errors="0" timestamp="08 May 2019 17:13:14 GMT" skipped="0">
  <testcase classname="assurityApi.AssurityApiTest" name="canRelistIsTrue" time="6.037"/>
  <testcase classname="assurityApi.AssurityApiTest" name="statusCodeVerification" time="2.968"/>
  <testcase classname="assurityApi.AssurityApiTest" name="nameEqualsVerification" time="3.074"/>
  <testcase classname="assurityApi.AssurityApiTest" name="galleryContainsText" time="6.015"/>
</testsuite> <!-- assurityApi.AssurityApiTest -->
