<?xml version="1.0" encoding="UTF-8"?>
<!-- Generated by org.testng.reporters.JUnitReportReporter -->
<testsuite hostname="CharlesPC" failures="0" tests="4" name="assurityApi.AssurityApiTest" time="20.256" errors="0" timestamp="07 May 2019 18:55:10 GMT" skipped="0">
  <testcase classname="assurityApi.AssurityApiTest" name="galleryContainsTextVerification" time="6.301"/>
  <testcase classname="assurityApi.AssurityApiTest" name="statusCodeVerification" time="2.948"/>
  <testcase classname="assurityApi.AssurityApiTest" name="nameEqualsVerification" time="2.899"/>
  <testcase classname="assurityApi.AssurityApiTest" name="canRelistVerification" time="8.108"/>
</testsuite> <!-- assurityApi.AssurityApiTest -->
