<?xml version="1.0" encoding="UTF-8"?>
<!-- Generated by org.testng.reporters.JUnitReportReporter -->
<testsuite hostname="CharlesPC" failures="0" tests="4" name="assurityApi.AssurityApiTest" time="20.924" errors="0" timestamp="08 May 2019 09:36:06 GMT" skipped="0">
  <testcase classname="assurityApi.AssurityApiTest" name="statusCodeVerification" time="2.834"/>
  <testcase classname="assurityApi.AssurityApiTest" name="nameEqualsVerification" time="2.972"/>
  <testcase classname="assurityApi.AssurityApiTest" name="canRelistIsTrue" time="9.065"/>
  <testcase classname="assurityApi.AssurityApiTest" name="galleryContainsText" time="6.053"/>
</testsuite> <!-- assurityApi.AssurityApiTest -->
